Diagnose log at 2026-07-09T06:20:00Z

AppPath: C:\Program Files\Git\mingw64\bin\git-credential-manager.exe
InstallDir: C:\Program Files\Git\mingw64\bin\
Version: 2.6.1+786ab03440ddc82e807a97c0e540f5247e44cec6

------------
Diagnostic: Environment
Skipped: False
Success: True
Exception: None
Log:
OSType: Windows
OSVersion: 10.0 (build 26200)
Reading environment variables... OK
 Variables:
HOMEPATH=\Users\ullas
DriverData=C:\Windows\System32\Drivers\DriverData
COMPUTERNAME=VAMSI
EFC_39432_1592913036=1
GIT_TRACE2_PARENT_SID=2825f196-1b17-4286-b8ca-8798f9583a02
CommonProgramFiles(x86)=C:\Program Files (x86)\Common Files
OneDrive=C:\Users\ullas\OneDrive
PYTHON_BASIC_REPL=1
BUNDLED_DEBUGPY_PATH=c:\Users\ullas\.vscode\extensions\ms-python.debugpy-2026.6.0-win32-x64\bundled\libs\debugpy
RegionCode=APJ
PYDEVD_DISABLE_FILE_VALIDATION=1
PSExecutionPolicyPreference=RemoteSigned
EFC_39432_2775293581=1
PROCESSOR_REVISION=5000
USERDOMAIN=VAMSI
EFC_39432_4126798990=1
EFC_39432_1262719628=1
VSCODE_INJECTION=1
_OLD_VIRTUAL_PATH=C:\Program Files\Common Files\Oracle\Java\javapath;C:\Program Files (x86)\Common Files\Oracle\Java\javapath;C:\windows\system32;C:\windows;C:\windows\System32\Wbem;C:\windows\System32\WindowsPowerShell\v1.0\;C:\windows\System32\OpenSSH\;C:\Program Files (x86)\NVIDIA Corporation\PhysX\Common;C:\Program Files\NVIDIA Corporation\NVIDIA NvDLISR;C:\Program Files\Microsoft SQL Server\140\Tools\Binn\;C:\WINDOWS\system32;C:\WINDOWS;C:\WINDOWS\System32\Wbem;C:\WINDOWS\System32\WindowsPowerShell\v1.0\;C:\WINDOWS\System32\OpenSSH\;C:\Program Files\MongoDB\Server\8.0\bin;C:\WINDOWS\system32;C:\WINDOWS;C:\WINDOWS\System32\Wbem;C:\WINDOWS\System32\WindowsPowerShell\v1.0\;C:\WINDOWS\System32\OpenSSH\;C:\Program Files\Git\cmd;C:\Program Files\nodejs\;C:\Users\ullas\AppData\Local\Microsoft\WindowsApps;C:\Users\ullas\AppData\Local\Programs\Microsoft VS Code\bin;C:\Users\ullas\AppData\Local\Programs\Antigravity\bin;C:\Users\ullas\AppData\Local\Programs\Windsurf\bin;C:\Users\ullas\AppData\Local\Programs\Antigravity IDE\bin;c:\Users\ullas\.vscode\extensions\ms-python.debugpy-2026.6.0-win32-x64\bundled\scripts\noConfigScripts
GIT_ASKPASS=c:\Users\ullas\AppData\Roaming\Code\User\globalStorage\vscode.git\askpass\70789581cae28aa7\askpass.sh
GIT_EXEC_PATH=C:/Program Files/Git/mingw64/libexec/git-core
TEMP=C:\Users\ullas\AppData\Local\Temp
LOCALAPPDATA=C:\Users\ullas\AppData\Local
MSYSTEM=MINGW64
SESSIONNAME=Console
VIRTUAL_ENV_PROMPT=.venv
PROCESSOR_IDENTIFIER=AMD64 Family 25 Model 80 Stepping 0, AuthenticAMD
VSCODE_PYTHON_AUTOACTIVATE_GUARD=1
ProgramW6432=C:\Program Files
windir=C:\WINDOWS
EFC_39432_2283032206=1
EFC_39432_3789132940=1
nodejs="C:\Users\vamsidhar\Downloads\node-v22.19.0-x64.msi"
platformcode=KV
Path=C:/Program Files/Git/mingw64/libexec/git-core;C:\Program Files\Git\mingw64\bin;C:\Program Files\Git\usr\bin;C:\Users\ullas\bin;C:\ullasini\kkdigital\.venv\Scripts;C:\Program Files\Common Files\Oracle\Java\javapath;C:\Program Files (x86)\Common Files\Oracle\Java\javapath;C:\windows\system32;C:\windows;C:\windows\System32\Wbem;C:\windows\System32\WindowsPowerShell\v1.0\;C:\windows\System32\OpenSSH\;C:\Program Files (x86)\NVIDIA Corporation\PhysX\Common;C:\Program Files\NVIDIA Corporation\NVIDIA NvDLISR;C:\Program Files\Microsoft SQL Server\140\Tools\Binn\;C:\WINDOWS\system32;C:\WINDOWS;C:\WINDOWS\System32\Wbem;C:\WINDOWS\System32\WindowsPowerShell\v1.0\;C:\WINDOWS\System32\OpenSSH\;C:\Program Files\MongoDB\Server\8.0\bin;C:\WINDOWS\system32;C:\WINDOWS;C:\WINDOWS\System32\Wbem;C:\WINDOWS\System32\WindowsPowerShell\v1.0\;C:\WINDOWS\System32\OpenSSH\;C:\Program Files\Git\cmd;C:\Program Files\nodejs\;C:\Users\ullas\AppData\Local\Microsoft\WindowsApps;C:\Users\ullas\AppData\Local\Programs\Microsoft VS Code\bin;C:\Users\ullas\AppData\Local\Programs\Antigravity\bin;C:\Users\ullas\AppData\Local\Programs\Windsurf\bin;C:\Users\ullas\AppData\Local\Programs\Antigravity IDE\bin;c:\Users\ullas\.vscode\extensions\ms-python.debugpy-2026.6.0-win32-x64\bundled\scripts\noConfigScripts
TERM_PROGRAM=vscode
PROCESSOR_LEVEL=25
NUMBER_OF_PROCESSORS=12
TMPDIR=C:\Users\ullas\AppData\Local\Temp
VSCODE_GIT_ASKPASS_EXTRA_ARGS=
VSCODE_GIT_ASKPASS_NODE=C:\Users\ullas\AppData\Local\Programs\Microsoft VS Code\Code.exe
TERM_PROGRAM_VERSION=1.127.0
VSCODE_GIT_ASKPASS_MAIN=c:\Users\ullas\AppData\Roaming\Code\User\globalStorage\vscode.git\askpass\70789581cae28aa7\askpass-main.js
ProgramFiles(x86)=C:\Program Files (x86)
PUBLIC=C:\Users\Public
VSCODE_GIT_IPC_HANDLE=\\.\pipe\vscode-git-45d6d7c798-sock
FPS_BROWSER_USER_PROFILE_STRING=Default
CommonProgramFiles=C:\Program Files (x86)\Common Files
TMP=C:\Users\ullas\AppData\Local\Temp
VSCODE_DEBUGPY_ADAPTER_ENDPOINTS=c:\Users\ullas\.vscode\extensions\ms-python.debugpy-2026.6.0-win32-x64\.noConfigDebugAdapterEndpoints\endpoint-fbd83bb4d6d33618.txt
VIRTUAL_ENV=C:\ullasini\kkdigital\.venv
CHROME_CRASHPAD_PIPE_NAME=\\.\pipe\crashpad_14264_BSCEZQBIEWRFWFYI
PLINK_PROTOCOL=ssh
ProgramData=C:\ProgramData
ProgramFiles=C:\Program Files (x86)
ChocolateyInstall=C:\ProgramData\chocolatey
OnlineServices=Online Services
AMDRMSDKPATH=C:\Program Files\AMD\RyzenMasterSDK\
PATHEXT=.COM;.EXE;.BAT;.CMD;.VBS;.VBE;.JS;.JSE;.WSF;.WSH;.MSC;.CPL
PYTHONSTARTUP=c:\Users\ullas\AppData\Roaming\Code\User\workspaceStorage\68700dd740c6ce07801bf678b58e0e3b\ms-python.python\pythonrc.py
HOME=C:\Users\ullas
SystemRoot=C:\WINDOWS
CommonProgramW6432=C:\Program Files\Common Files
LOGONSERVER=\\VAMSI
USERPROFILE=C:\Users\ullas
COLORTERM=truecolor
USERDOMAIN_ROAMINGPROFILE=VAMSI
TERM=xterm-256color
APPDATA=C:\Users\ullas\AppData\Roaming
HOMEDRIVE=C:
PSModulePath=C:\Users\ullas\Documents\WindowsPowerShell\Modules;C:\Program Files\WindowsPowerShell\Modules;C:\WINDOWS\system32\WindowsPowerShell\v1.0\Modules
VBOX_HWVIRTEX_IGNORE_SVM_IN_USE=1
USERNAME=ullas
PROCESSOR_ARCHITEW6432=AMD64
FPS_BROWSER_APP_PROFILE_STRING=Internet Explorer
PROCESSOR_ARCHITECTURE=x86
OS=Windows_NT
ComSpec=C:\WINDOWS\system32\cmd.exe
SystemDrive=C:
PT8HOME=C:\Program Files\Cisco Packet Tracer 9.0.0
LANG=en_US.UTF-8
ALLUSERSPROFILE=C:\ProgramData


------------
Diagnostic: File system
Skipped: False
Success: True
Exception: None
Log:
Temporary directory is 'C:\Users\ullas\AppData\Local\Temp\'...
Checking basic file I/O...
Writing to temporary file 'C:\Users\ullas\AppData\Local\Temp\421a4e1ba780bff8466344bd'... OK
Reading from temporary file 'C:\Users\ullas\AppData\Local\Temp\421a4e1ba780bff8466344bd'... OK
Deleting temporary file 'C:\Users\ullas\AppData\Local\Temp\421a4e1ba780bff8466344bd'... OK
Testing IFileSystem instance...
UserHomePath: C:\Users\ullas
UserDataDirectoryPath: C:\Users\ullas\.gcm
GetCurrentDirectory(): C:\ullasini\kkdigital

------------
Diagnostic: Networking
Skipped: False
Success: True
Exception: None
Log:
Checking networking and HTTP stack...
Creating HTTP client... OK
IsNetworkAvailable: True
Sending HEAD request to http://example.com...Sending HEAD request to https://example.com... OK
 OK
Acquiring free TCP port... OK
Testing local HTTP loopback connections...
Creating new HTTP listener for http://localhost:2132/... OK
Waiting for loopback connection... OK
Writing response... OK
Waiting for response data... OK
Loopback connection data OK

------------
Diagnostic: Git
Skipped: False
Success: True
Exception: None
Log:
Getting Git version... OK
Git version is '2.49.0.windows.1'
Locating current repository...Git repository at 'C:/ullasini/kkdigital/.git'
 OK
Listing all Git configuration... OK
Git configuration:
file:C:/Program Files/Git/etc/gitconfig	diff.astextplain.textconv=astextplain
file:C:/Program Files/Git/etc/gitconfig	filter.lfs.clean=git-lfs clean -- %f
file:C:/Program Files/Git/etc/gitconfig	filter.lfs.smudge=git-lfs smudge -- %f
file:C:/Program Files/Git/etc/gitconfig	filter.lfs.process=git-lfs filter-process
file:C:/Program Files/Git/etc/gitconfig	filter.lfs.required=true
file:C:/Program Files/Git/etc/gitconfig	http.sslbackend=schannel
file:C:/Program Files/Git/etc/gitconfig	core.autocrlf=true
file:C:/Program Files/Git/etc/gitconfig	core.fscache=true
file:C:/Program Files/Git/etc/gitconfig	core.symlinks=false
file:C:/Program Files/Git/etc/gitconfig	pull.rebase=false
file:C:/Program Files/Git/etc/gitconfig	credential.helper=manager
file:C:/Program Files/Git/etc/gitconfig	credential.https://dev.azure.com.usehttppath=true
file:C:/Program Files/Git/etc/gitconfig	init.defaultbranch=master
file:C:/Users/ullas/.gitconfig	user.name=genieMediaSoftwares
file:C:/Users/ullas/.gitconfig	user.email=kkdigitalgrowthsoftwares@gmail.com
file:C:/Users/ullas/.gitconfig	credential.helper=manager
file:.git/config	core.repositoryformatversion=0
file:.git/config	core.filemode=false
file:.git/config	core.bare=false
file:.git/config	core.logallrefupdates=true
file:.git/config	core.symlinks=false
file:.git/config	core.ignorecase=true
file:.git/config	remote.origin.url=https://github.com/genieMediaSoftwares/kk-digital-growth.git
file:.git/config	remote.origin.fetch=+refs/heads/*:refs/remotes/origin/*
file:.git/config	branch.main.remote=origin
file:.git/config	branch.main.merge=refs/heads/main


------------
Diagnostic: Credential storage
Skipped: False
Success: True
Exception: None
Log:
ICredentialStore instance is of type: CredentialStore
Writing test credential... OK
Reading test credential... OK
Deleting test credential... OK

------------
Diagnostic: Microsoft authentication (AAD/MSA)
Skipped: False
Success: True
Exception: None
Log:
Broker is not enabled.
Flow type is: Auto
Gathering MSAL token cache data... OK
CacheDirectory: C:\Users\ullas\AppData\Local\.IdentityService
CacheFileName: msal.cache
CacheFilePath: C:\Users\ullas\AppData\Local\.IdentityService\msal.cache
Creating cache helper... OK
Verifying MSAL token cache persistence... OK

------------
Diagnostic: GitHub API
Skipped: False
Success: True
Exception: None
Log:
Using 'https://github.com/' as API target.
Querying '/meta' endpoint... OK

